E, [2019-04-22T00:33:37.995149 #2744] ERROR -- Kitchen: ------Exception-------
E, [2019-04-22T00:33:37.996397 #2744] ERROR -- Kitchen: Class: Kitchen::UserError
E, [2019-04-22T00:33:37.996616 #2744] ERROR -- Kitchen: Message: Kitchen YAML file F:/chef-repo/.kitchen.yml does not exist.
E, [2019-04-22T00:33:37.996850 #2744] ERROR -- Kitchen: ----------------------
E, [2019-04-22T00:33:37.997084 #2744] ERROR -- Kitchen: ------Backtrace-------
E, [2019-04-22T00:33:37.997311 #2744] ERROR -- Kitchen: C:/opscode/chefdk/embedded/lib/ruby/gems/2.5.0/gems/test-kitchen-1.24.0/lib/kitchen/loader/yaml.rb:65:in `read'
E, [2019-04-22T00:33:37.997529 #2744] ERROR -- Kitchen: C:/opscode/chefdk/embedded/lib/ruby/gems/2.5.0/gems/test-kitchen-1.24.0/lib/kitchen/config.rb:152:in `data'
E, [2019-04-22T00:33:37.999355 #2744] ERROR -- Kitchen: C:/opscode/chefdk/embedded/lib/ruby/gems/2.5.0/gems/test-kitchen-1.24.0/lib/kitchen/config.rb:131:in `suites'
E, [2019-04-22T00:33:37.999597 #2744] ERROR -- Kitchen: C:/opscode/chefdk/embedded/lib/ruby/gems/2.5.0/gems/test-kitchen-1.24.0/lib/kitchen/config.rb:182:in `filter_instances'
E, [2019-04-22T00:33:37.999779 #2744] ERROR -- Kitchen: C:/opscode/chefdk/embedded/lib/ruby/gems/2.5.0/gems/test-kitchen-1.24.0/lib/kitchen/config.rb:141:in `build_instances'
E, [2019-04-22T00:33:37.999937 #2744] ERROR -- Kitchen: C:/opscode/chefdk/embedded/lib/ruby/gems/2.5.0/gems/test-kitchen-1.24.0/lib/kitchen/config.rb:117:in `instances'
E, [2019-04-22T00:33:38.000100 #2744] ERROR -- Kitchen: C:/opscode/chefdk/embedded/lib/ruby/gems/2.5.0/gems/test-kitchen-1.24.0/lib/kitchen/command.rb:112:in `filtered_instances'
E, [2019-04-22T00:33:38.000254 #2744] ERROR -- Kitchen: C:/opscode/chefdk/embedded/lib/ruby/gems/2.5.0/gems/test-kitchen-1.24.0/lib/kitchen/command.rb:142:in `parse_subcommand'
E, [2019-04-22T00:33:38.000443 #2744] ERROR -- Kitchen: C:/opscode/chefdk/embedded/lib/ruby/gems/2.5.0/gems/test-kitchen-1.24.0/lib/kitchen/command/login.rb:29:in `call'
E, [2019-04-22T00:33:38.000627 #2744] ERROR -- Kitchen: C:/opscode/chefdk/embedded/lib/ruby/gems/2.5.0/gems/test-kitchen-1.24.0/lib/kitchen/cli.rb:52:in `perform'
E, [2019-04-22T00:33:38.000780 #2744] ERROR -- Kitchen: C:/opscode/chefdk/embedded/lib/ruby/gems/2.5.0/gems/test-kitchen-1.24.0/lib/kitchen/cli.rb:252:in `login'
E, [2019-04-22T00:33:38.000930 #2744] ERROR -- Kitchen: C:/opscode/chefdk/embedded/lib/ruby/gems/2.5.0/gems/thor-0.20.3/lib/thor/command.rb:27:in `run'
E, [2019-04-22T00:33:38.001081 #2744] ERROR -- Kitchen: C:/opscode/chefdk/embedded/lib/ruby/gems/2.5.0/gems/thor-0.20.3/lib/thor/invocation.rb:126:in `invoke_command'
E, [2019-04-22T00:33:38.001244 #2744] ERROR -- Kitchen: C:/opscode/chefdk/embedded/lib/ruby/gems/2.5.0/gems/thor-0.20.3/lib/thor.rb:387:in `dispatch'
E, [2019-04-22T00:33:38.001442 #2744] ERROR -- Kitchen: C:/opscode/chefdk/embedded/lib/ruby/gems/2.5.0/gems/thor-0.20.3/lib/thor/base.rb:466:in `start'
E, [2019-04-22T00:33:38.001600 #2744] ERROR -- Kitchen: C:/opscode/chefdk/embedded/lib/ruby/gems/2.5.0/gems/test-kitchen-1.24.0/bin/kitchen:13:in `block in <top (required)>'
E, [2019-04-22T00:33:38.001756 #2744] ERROR -- Kitchen: C:/opscode/chefdk/embedded/lib/ruby/gems/2.5.0/gems/test-kitchen-1.24.0/lib/kitchen/errors.rb:171:in `with_friendly_errors'
E, [2019-04-22T00:33:38.001913 #2744] ERROR -- Kitchen: C:/opscode/chefdk/embedded/lib/ruby/gems/2.5.0/gems/test-kitchen-1.24.0/bin/kitchen:13:in `<top (required)>'
E, [2019-04-22T00:33:38.002131 #2744] ERROR -- Kitchen: C:/opscode/chefdk/bin/kitchen:324:in `load'
E, [2019-04-22T00:33:38.002341 #2744] ERROR -- Kitchen: C:/opscode/chefdk/bin/kitchen:324:in `<main>'
E, [2019-04-22T00:33:38.002546 #2744] ERROR -- Kitchen: ----End Backtrace-----
